<?xml version="1.0" encoding="UTF-8"?>
<testsuite xmlns:xsi="http://www.w3.org/2001/XMLSchema-instance" xsi:noNamespaceSchemaLocation="https://maven.apache.org/surefire/maven-surefire-plugin/xsd/surefire-test-report.xsd" name="com.oracle.documaker.ids.customrule.test.MyCustomRuleTest" time="1.325" tests="16" errors="0" skipped="0" failures="2">
  <properties>
[...]
</properties>
  <testcase name="getEmployeesDefaultPropertiesInit" classname="com.oracle.documaker.ids.customrule.test.MyCustomRuleTest" time="1.001"/>
  <testcase name="getEmployeesDefaultPropertiesForward" classname="com.oracle.documaker.ids.customrule.test.MyCustomRuleTest" time="0.205"/>
  <testcase name="getEmployeesDefaultPropertiesReverse" classname="com.oracle.documaker.ids.customrule.test.MyCustomRuleTest" time="0.003"/>
  <testcase name="getEmployeesDefaultPropertiesTerm" classname="com.oracle.documaker.ids.customrule.test.MyCustomRuleTest" time="0.002"/>
  <testcase name="getEmployeesBadIdsArgsInit" classname="com.oracle.documaker.ids.customrule.test.MyCustomRuleTest" time="0.001"/>
  <testcase name="getEmployeesBadIdsArgsForward" classname="com.oracle.documaker.ids.customrule.test.MyCustomRuleTest" time="0.049"/>
  <testcase name="getEmployeesBadIdsArgsReverse" classname="com.oracle.documaker.ids.customrule.test.MyCustomRuleTest" time="0"/>
  <testcase name="getEmployeesBadIdsArgsTerm" classname="com.oracle.documaker.ids.customrule.test.MyCustomRuleTest" time="0"/>
  <testcase name="getEmployeesSysPropsInit" classname="com.oracle.documaker.ids.customrule.test.MyCustomRuleTest" time="0.005">
    <failure message="expected: &lt;0&gt; but was: &lt;1&gt;" type="org.opentest4j.AssertionFailedError"><![CDATA[org.opentest4j.AssertionFailedError: expected: <0> but was: <1>
	at com.oracle.documaker.ids.customrule.test.MyCustomRuleTest.getEmployeesSysPropsInit(MyCustomRuleTest.java:150)
]]></failure>
    <system-out><![CDATA[getEmployeesSysPropsInit
Effective Properties:
	db.retries=3
	db.driver=com.ibm.db2.jcc.DB2Driver
	db.timeout=5
	db.url=jdbc:d1b2://100.77.35.62:501000/af
	db.user=abc
	db.password=Oracl123e1234
	Loaded class: com.ibm.db2.jcc.DB2Driver
>>>>> DBURL=jdbc:d1b2://100.77.35.62:501000/af
DbUser=abc
DBPass=Oracl123e1234
]]></system-out>
  </testcase>
  <testcase name="getEmployeesSysPropsForward" classname="com.oracle.documaker.ids.customrule.test.MyCustomRuleTest" time="0.023">
    <failure message="expected: &lt;0&gt; but was: &lt;1&gt;" type="org.opentest4j.AssertionFailedError"><![CDATA[org.opentest4j.AssertionFailedError: expected: <0> but was: <1>
	at com.oracle.documaker.ids.customrule.test.MyCustomRuleTest.getEmployeesSysPropsForward(MyCustomRuleTest.java:166)
]]></failure>
    <system-out><![CDATA[getEmployeesSysPropsForward
Effective Properties:
	db.retries=3
	db.driver=com.ibm.db2.jcc.DB2Driver
	db.timeout=5
	db.url=jdbc:d1b2://100.77.35.62:501000/af
	db.user=abc
	db.password=Oracl123e1234
]]></system-out>
    <system-err><![CDATA[java.lang.Exception: com.ibm.db2.jcc.am.SqlNonTransientConnectionException: [jcc][t4][10335][10366][4.29.24] Invalid operation: Connection is closed. ERRORCODE=-4470, SQLSTATE=08003
	at com.oracle.documaker.ids.customrule.MyCustomRule.doQuery(MyCustomRule.java:211)
	at com.oracle.documaker.ids.customrule.MyCustomRule.getEmployees(MyCustomRule.java:236)
	at com.oracle.documaker.ids.customrule.test.MyCustomRuleTest.getEmployeesSysPropsForward(MyCustomRuleTest.java:168)
	at sun.reflect.NativeMethodAccessorImpl.invoke0(Native Method)
	at sun.reflect.NativeMethodAccessorImpl.invoke(NativeMethodAccessorImpl.java:62)
	at sun.reflect.DelegatingMethodAccessorImpl.invoke(DelegatingMethodAccessorImpl.java:43)
	at java.lang.reflect.Method.invoke(Method.java:498)
	at org.junit.platform.commons.util.ReflectionUtils.invokeMethod(ReflectionUtils.java:688)
	at org.junit.jupiter.engine.execution.MethodInvocation.proceed(MethodInvocation.java:60)
	at org.junit.jupiter.engine.execution.InvocationInterceptorChain$ValidatingInvocation.proceed(InvocationInterceptorChain.java:131)
	at org.junit.jupiter.engine.extension.TimeoutExtension.intercept(TimeoutExtension.java:149)
	at org.junit.jupiter.engine.extension.TimeoutExtension.interceptTestableMethod(TimeoutExtension.java:140)
	at org.junit.jupiter.engine.extension.TimeoutExtension.interceptTestMethod(TimeoutExtension.java:84)
	at org.junit.jupiter.engine.execution.ExecutableInvoker$ReflectiveInterceptorCall.lambda$ofVoidMethod$0(ExecutableInvoker.java:115)
	at org.junit.jupiter.engine.execution.ExecutableInvoker.lambda$invoke$0(ExecutableInvoker.java:105)
	at org.junit.jupiter.engine.execution.InvocationInterceptorChain$InterceptedInvocation.proceed(InvocationInterceptorChain.java:106)
	at org.junit.jupiter.engine.execution.InvocationInterceptorChain.proceed(InvocationInterceptorChain.java:64)
	at org.junit.jupiter.engine.execution.InvocationInterceptorChain.chainAndInvoke(InvocationInterceptorChain.java:45)
	at org.junit.jupiter.engine.execution.InvocationInterceptorChain.invoke(InvocationInterceptorChain.java:37)
	at org.junit.jupiter.engine.execution.ExecutableInvoker.invoke(ExecutableInvoker.java:104)
	at org.junit.jupiter.engine.execution.ExecutableInvoker.invoke(ExecutableInvoker.java:98)
	at org.junit.jupiter.engine.descriptor.TestMethodTestDescriptor.lambda$invokeTestMethod$6(TestMethodTestDescriptor.java:210)
	at org.junit.platform.engine.support.hierarchical.ThrowableCollector.execute(ThrowableCollector.java:73)
	at org.junit.jupiter.engine.descriptor.TestMethodTestDescriptor.invokeTestMethod(TestMethodTestDescriptor.java:206)
	at org.junit.jupiter.engine.descriptor.TestMethodTestDescriptor.execute(TestMethodTestDescriptor.java:131)
	at org.junit.jupiter.engine.descriptor.TestMethodTestDescriptor.execute(TestMethodTestDescriptor.java:65)
	at org.junit.platform.engine.support.hierarchical.NodeTestTask.lambda$executeRecursively$5(NodeTestTask.java:139)
	at org.junit.platform.engine.support.hierarchical.ThrowableCollector.execute(ThrowableCollector.java:73)
	at org.junit.platform.engine.support.hierarchical.NodeTestTask.lambda$executeRecursively$7(NodeTestTask.java:129)
	at org.junit.platform.engine.support.hierarchical.Node.around(Node.java:137)
	at org.junit.platform.engine.support.hierarchical.NodeTestTask.lambda$executeRecursively$8(NodeTestTask.java:127)
	at org.junit.platform.engine.support.hierarchical.ThrowableCollector.execute(ThrowableCollector.java:73)
	at org.junit.platform.engine.support.hierarchical.NodeTestTask.executeRecursively(NodeTestTask.java:126)
	at org.junit.platform.engine.support.hierarchical.NodeTestTask.execute(NodeTestTask.java:84)
	at java.util.ArrayList.forEach(ArrayList.java:1259)
	at org.junit.platform.engine.support.hierarchical.SameThreadHierarchicalTestExecutorService.invokeAll(SameThreadHierarchicalTestExecutorService.java:38)
	at org.junit.platform.engine.support.hierarchical.NodeTestTask.lambda$executeRecursively$5(NodeTestTask.java:143)
	at org.junit.platform.engine.support.hierarchical.ThrowableCollector.execute(ThrowableCollector.java:73)
	at org.junit.platform.engine.support.hierarchical.NodeTestTask.lambda$executeRecursively$7(NodeTestTask.java:129)
	at org.junit.platform.engine.support.hierarchical.Node.around(Node.java:137)
	at org.junit.platform.engine.support.hierarchical.NodeTestTask.lambda$executeRecursively$8(NodeTestTask.java:127)
	at org.junit.platform.engine.support.hierarchical.ThrowableCollector.execute(ThrowableCollector.java:73)
	at org.junit.platform.engine.support.hierarchical.NodeTestTask.executeRecursively(NodeTestTask.java:126)
	at org.junit.platform.engine.support.hierarchical.NodeTestTask.execute(NodeTestTask.java:84)
	at java.util.ArrayList.forEach(ArrayList.java:1259)
	at org.junit.platform.engine.support.hierarchical.SameThreadHierarchicalTestExecutorService.invokeAll(SameThreadHierarchicalTestExecutorService.java:38)
	at org.junit.platform.engine.support.hierarchical.NodeTestTask.lambda$executeRecursively$5(NodeTestTask.java:143)
	at org.junit.platform.engine.support.hierarchical.ThrowableCollector.execute(ThrowableCollector.java:73)
	at org.junit.platform.engine.support.hierarchical.NodeTestTask.lambda$executeRecursively$7(NodeTestTask.java:129)
	at org.junit.platform.engine.support.hierarchical.Node.around(Node.java:137)
	at org.junit.platform.engine.support.hierarchical.NodeTestTask.lambda$executeRecursively$8(NodeTestTask.java:127)
	at org.junit.platform.engine.support.hierarchical.ThrowableCollector.execute(ThrowableCollector.java:73)
	at org.junit.platform.engine.support.hierarchical.NodeTestTask.executeRecursively(NodeTestTask.java:126)
	at org.junit.platform.engine.support.hierarchical.NodeTestTask.execute(NodeTestTask.java:84)
	at org.junit.platform.engine.support.hierarchical.SameThreadHierarchicalTestExecutorService.submit(SameThreadHierarchicalTestExecutorService.java:32)
	at org.junit.platform.engine.support.hierarchical.HierarchicalTestExecutor.execute(HierarchicalTestExecutor.java:57)
	at org.junit.platform.engine.support.hierarchical.HierarchicalTestEngine.execute(HierarchicalTestEngine.java:51)
	at org.junit.platform.launcher.core.DefaultLauncher.execute(DefaultLauncher.java:170)
	at org.junit.platform.launcher.core.DefaultLauncher.execute(DefaultLauncher.java:154)
	at org.junit.platform.launcher.core.DefaultLauncher.execute(DefaultLauncher.java:90)
	at org.apache.maven.surefire.junitplatform.JUnitPlatformProvider.invokeAllTests(JUnitPlatformProvider.java:142)
	at org.apache.maven.surefire.junitplatform.JUnitPlatformProvider.invoke(JUnitPlatformProvider.java:117)
	at org.apache.maven.surefire.booter.ForkedBooter.invokeProviderInSameClassLoader(ForkedBooter.java:383)
	at org.apache.maven.surefire.booter.ForkedBooter.runSuitesInProcess(ForkedBooter.java:344)
	at org.apache.maven.surefire.booter.ForkedBooter.execute(ForkedBooter.java:125)
	at org.apache.maven.surefire.booter.ForkedBooter.main(ForkedBooter.java:417)
Caused by: com.ibm.db2.jcc.am.SqlNonTransientConnectionException: [jcc][t4][10335][10366][4.29.24] Invalid operation: Connection is closed. ERRORCODE=-4470, SQLSTATE=08003
	at com.ibm.db2.jcc.am.b7.a(b7.java:800)
	at com.ibm.db2.jcc.am.b7.a(b7.java:66)
	at com.ibm.db2.jcc.am.b7.a(b7.java:133)
	at com.ibm.db2.jcc.am.Connection.checkForClosedConnection(Connection.java:6268)
	at com.ibm.db2.jcc.am.Connection.createStatementX(Connection.java:2409)
	at com.ibm.db2.jcc.am.Connection.createStatementX(Connection.java:1005)
	at com.ibm.db2.jcc.am.Connection.createStatement(Connection.java:997)
	at com.oracle.documaker.ids.customrule.MyCustomRule.doQuery(MyCustomRule.java:207)
	... 65 more
]]></system-err>
  </testcase>
  <testcase name="getEmployeesSysPropsReverse" classname="com.oracle.documaker.ids.customrule.test.MyCustomRuleTest" time="0"/>
  <testcase name="getEmployeesSysPropsTerm" classname="com.oracle.documaker.ids.customrule.test.MyCustomRuleTest" time="0.001"/>
  <testcase name="getEmployeesBadSysPropsInit" classname="com.oracle.documaker.ids.customrule.test.MyCustomRuleTest" time="0.001"/>
  <testcase name="getEmployeesBadSysPropsForward" classname="com.oracle.documaker.ids.customrule.test.MyCustomRuleTest" time="0.022"/>
  <testcase name="getEmployeesBadSysPropsReverse" classname="com.oracle.documaker.ids.customrule.test.MyCustomRuleTest" time="0.001"/>
  <testcase name="getEmployeesBadSysPropsTerm" classname="com.oracle.documaker.ids.customrule.test.MyCustomRuleTest" time="0.001"/>
</testsuite>