<?xml version="1.0" encoding="UTF-8"?>
<testsuite xmlns:xsi="http://www.w3.org/2001/XMLSchema-instance" xsi:noNamespaceSchemaLocation="https://maven.apache.org/surefire/maven-surefire-plugin/xsd/surefire-test-report.xsd" name="com.oracle.documaker.ids.customrule.test.MyCustomRuleTest" time="1.325" tests="16" errors="0" skipped="0" failures="2">
  <properties>
    <property name="gopherProxySet" value="false"/>
    <property name="awt.toolkit" value="sun.lwawt.macosx.LWCToolkit"/>
    <property name="file.encoding.pkg" value="sun.io"/>
    <property name="java.specification.version" value="1.8"/>
    <property name="sun.cpu.isalist" value=""/>
    <property name="sun.jnu.encoding" value="UTF-8"/>
    <property name="java.class.path" value="/Users/calittle/Library/Mobile Documents/com~apple~CloudDocs/Work/dev/ids/Custom Rule Template/target/test-classes:/Users/calittle/Library/Mobile Documents/com~apple~CloudDocs/Work/dev/ids/Custom Rule Template/target/classes:/Users/calittle/.m2/repository/org/junit/jupiter/junit-jupiter-api/5.7.1/junit-jupiter-api-5.7.1.jar:/Users/calittle/.m2/repository/org/apiguardian/apiguardian-api/1.1.0/apiguardian-api-1.1.0.jar:/Users/calittle/.m2/repository/org/opentest4j/opentest4j/1.2.0/opentest4j-1.2.0.jar:/Users/calittle/.m2/repository/org/junit/platform/junit-platform-commons/1.7.1/junit-platform-commons-1.7.1.jar:/Users/calittle/.m2/repository/org/junit/jupiter/junit-jupiter-engine/5.7.1/junit-jupiter-engine-5.7.1.jar:/Users/calittle/.m2/repository/org/junit/platform/junit-platform-engine/1.7.1/junit-platform-engine-1.7.1.jar:/Users/calittle/.m2/repository/com/ibm/db2/jcc/11.5.6.0/jcc-11.5.6.0.jar:/Users/calittle/.m2/repository/org/apache/maven/plugins/maven-shade-plugin/3.2.4/maven-shade-plugin-3.2.4.jar:/Users/calittle/.m2/repository/org/apache/maven/maven-plugin-api/3.0/maven-plugin-api-3.0.jar:/Users/calittle/.m2/repository/org/sonatype/sisu/sisu-inject-plexus/1.4.2/sisu-inject-plexus-1.4.2.jar:/Users/calittle/.m2/repository/org/sonatype/sisu/sisu-inject-bean/1.4.2/sisu-inject-bean-1.4.2.jar:/Users/calittle/.m2/repository/org/sonatype/sisu/sisu-guice/2.1.7/sisu-guice-2.1.7-noaop.jar:/Users/calittle/.m2/repository/org/apache/maven/maven-model/3.0/maven-model-3.0.jar:/Users/calittle/.m2/repository/org/apache/maven/maven-core/3.0/maven-core-3.0.jar:/Users/calittle/.m2/repository/org/apache/maven/maven-settings/3.0/maven-settings-3.0.jar:/Users/calittle/.m2/repository/org/apache/maven/maven-settings-builder/3.0/maven-settings-builder-3.0.jar:/Users/calittle/.m2/repository/org/apache/maven/maven-repository-metadata/3.0/maven-repository-metadata-3.0.jar:/Users/calittle/.m2/repository/org/apache/maven/maven-model-builder/3.0/maven-model-builder-3.0.jar:/Users/calittle/.m2/repository/org/apache/maven/maven-aether-provider/3.0/maven-aether-provider-3.0.jar:/Users/calittle/.m2/repository/org/sonatype/aether/aether-impl/1.7/aether-impl-1.7.jar:/Users/calittle/.m2/repository/org/sonatype/aether/aether-spi/1.7/aether-spi-1.7.jar:/Users/calittle/.m2/repository/org/sonatype/aether/aether-api/1.7/aether-api-1.7.jar:/Users/calittle/.m2/repository/org/sonatype/aether/aether-util/1.7/aether-util-1.7.jar:/Users/calittle/.m2/repository/org/codehaus/plexus/plexus-interpolation/1.14/plexus-interpolation-1.14.jar:/Users/calittle/.m2/repository/org/codehaus/plexus/plexus-classworlds/2.2.3/plexus-classworlds-2.2.3.jar:/Users/calittle/.m2/repository/org/codehaus/plexus/plexus-component-annotations/1.5.5/plexus-component-annotations-1.5.5.jar:/Users/calittle/.m2/repository/org/sonatype/plexus/plexus-sec-dispatcher/1.3/plexus-sec-dispatcher-1.3.jar:/Users/calittle/.m2/repository/org/sonatype/plexus/plexus-cipher/1.4/plexus-cipher-1.4.jar:/Users/calittle/.m2/repository/org/apache/maven/maven-artifact/3.0/maven-artifact-3.0.jar:/Users/calittle/.m2/repository/org/codehaus/plexus/plexus-utils/3.3.0/plexus-utils-3.3.0.jar:/Users/calittle/.m2/repository/org/apache/maven/shared/maven-artifact-transfer/0.12.0/maven-artifact-transfer-0.12.0.jar:/Users/calittle/.m2/repository/org/apache/maven/shared/maven-common-artifact-filters/3.0.1/maven-common-artifact-filters-3.0.1.jar:/Users/calittle/.m2/repository/org/apache/maven/shared/maven-shared-utils/3.1.0/maven-shared-utils-3.1.0.jar:/Users/calittle/.m2/repository/commons-codec/commons-codec/1.11/commons-codec-1.11.jar:/Users/calittle/.m2/repository/org/slf4j/slf4j-api/1.7.5/slf4j-api-1.7.5.jar:/Users/calittle/.m2/repository/org/ow2/asm/asm/8.0/asm-8.0.jar:/Users/calittle/.m2/repository/org/ow2/asm/asm-commons/8.0/asm-commons-8.0.jar:/Users/calittle/.m2/repository/org/ow2/asm/asm-tree/8.0/asm-tree-8.0.jar:/Users/calittle/.m2/repository/org/ow2/asm/asm-analysis/8.0/asm-analysis-8.0.jar:/Users/calittle/.m2/repository/org/jdom/jdom2/2.0.6/jdom2-2.0.6.jar:/Users/calittle/.m2/repository/org/apache/maven/shared/maven-dependency-tree/3.0.1/maven-dependency-tree-3.0.1.jar:/Users/calittle/.m2/repository/org/eclipse/aether/aether-util/0.9.0.M2/aether-util-0.9.0.M2.jar:/Users/calittle/.m2/repository/commons-io/commons-io/2.6/commons-io-2.6.jar:/Users/calittle/.m2/repository/org/vafer/jdependency/2.4.0/jdependency-2.4.0.jar:/Users/calittle/.m2/repository/org/ow2/asm/asm-util/8.0/asm-util-8.0.jar:/Users/calittle/.m2/repository/com/google/guava/guava/28.2-android/guava-28.2-android.jar:/Users/calittle/.m2/repository/com/google/guava/failureaccess/1.0.1/failureaccess-1.0.1.jar:/Users/calittle/.m2/repository/com/google/guava/listenablefuture/9999.0-empty-to-avoid-conflict-with-guava/listenablefuture-9999.0-empty-to-avoid-conflict-with-guava.jar:/Users/calittle/.m2/repository/com/google/code/findbugs/jsr305/3.0.2/jsr305-3.0.2.jar:/Users/calittle/.m2/repository/org/checkerframework/checker-compat-qual/2.5.5/checker-compat-qual-2.5.5.jar:/Users/calittle/.m2/repository/com/google/errorprone/error_prone_annotations/2.3.4/error_prone_annotations-2.3.4.jar:/Users/calittle/.m2/repository/com/google/j2objc/j2objc-annotations/1.3/j2objc-annotations-1.3.jar:/Users/calittle/.m2/repository/org/apache/commons/commons-lang3/3.7/commons-lang3-3.7.jar:/Users/calittle/.m2/repository/Docupresentment/DocumentServer/12.6/DocumentServer-12.6.jar:"/>
    <property name="java.vm.vendor" value="Oracle Corporation"/>
    <property name="sun.arch.data.model" value="64"/>
    <property name="java.vendor.url" value="http://java.oracle.com/"/>
    <property name="user.timezone" value=""/>
    <property name="java.vm.specification.version" value="1.8"/>
    <property name="os.name" value="Mac OS X"/>
    <property name="user.country" value="US"/>
    <property name="sun.java.launcher" value="SUN_STANDARD"/>
    <property name="sun.boot.library.path" value="/Library/Java/JavaVirtualMachines/jdk1.8.0_271.jdk/Contents/Home/jre/lib"/>
    <property name="sun.java.command" value="/Users/calittle/Library/Mobile Documents/com~apple~CloudDocs/Work/dev/ids/Custom Rule Template/target/surefire/surefirebooter2026655346141931354.jar /Users/calittle/Library/Mobile Documents/com~apple~CloudDocs/Work/dev/ids/Custom Rule Template/target/surefire 2021-08-05T15-59-11_858-jvmRun1 surefire8891031244697965548tmp surefire_05342548266824700104tmp"/>
    <property name="surefire.test.class.path" value="/Users/calittle/Library/Mobile Documents/com~apple~CloudDocs/Work/dev/ids/Custom Rule Template/target/test-classes:/Users/calittle/Library/Mobile Documents/com~apple~CloudDocs/Work/dev/ids/Custom Rule Template/target/classes:/Users/calittle/.m2/repository/org/junit/jupiter/junit-jupiter-api/5.7.1/junit-jupiter-api-5.7.1.jar:/Users/calittle/.m2/repository/org/apiguardian/apiguardian-api/1.1.0/apiguardian-api-1.1.0.jar:/Users/calittle/.m2/repository/org/opentest4j/opentest4j/1.2.0/opentest4j-1.2.0.jar:/Users/calittle/.m2/repository/org/junit/platform/junit-platform-commons/1.7.1/junit-platform-commons-1.7.1.jar:/Users/calittle/.m2/repository/org/junit/jupiter/junit-jupiter-engine/5.7.1/junit-jupiter-engine-5.7.1.jar:/Users/calittle/.m2/repository/org/junit/platform/junit-platform-engine/1.7.1/junit-platform-engine-1.7.1.jar:/Users/calittle/.m2/repository/com/ibm/db2/jcc/11.5.6.0/jcc-11.5.6.0.jar:/Users/calittle/.m2/repository/org/apache/maven/plugins/maven-shade-plugin/3.2.4/maven-shade-plugin-3.2.4.jar:/Users/calittle/.m2/repository/org/apache/maven/maven-plugin-api/3.0/maven-plugin-api-3.0.jar:/Users/calittle/.m2/repository/org/sonatype/sisu/sisu-inject-plexus/1.4.2/sisu-inject-plexus-1.4.2.jar:/Users/calittle/.m2/repository/org/sonatype/sisu/sisu-inject-bean/1.4.2/sisu-inject-bean-1.4.2.jar:/Users/calittle/.m2/repository/org/sonatype/sisu/sisu-guice/2.1.7/sisu-guice-2.1.7-noaop.jar:/Users/calittle/.m2/repository/org/apache/maven/maven-model/3.0/maven-model-3.0.jar:/Users/calittle/.m2/repository/org/apache/maven/maven-core/3.0/maven-core-3.0.jar:/Users/calittle/.m2/repository/org/apache/maven/maven-settings/3.0/maven-settings-3.0.jar:/Users/calittle/.m2/repository/org/apache/maven/maven-settings-builder/3.0/maven-settings-builder-3.0.jar:/Users/calittle/.m2/repository/org/apache/maven/maven-repository-metadata/3.0/maven-repository-metadata-3.0.jar:/Users/calittle/.m2/repository/org/apache/maven/maven-model-builder/3.0/maven-model-builder-3.0.jar:/Users/calittle/.m2/repository/org/apache/maven/maven-aether-provider/3.0/maven-aether-provider-3.0.jar:/Users/calittle/.m2/repository/org/sonatype/aether/aether-impl/1.7/aether-impl-1.7.jar:/Users/calittle/.m2/repository/org/sonatype/aether/aether-spi/1.7/aether-spi-1.7.jar:/Users/calittle/.m2/repository/org/sonatype/aether/aether-api/1.7/aether-api-1.7.jar:/Users/calittle/.m2/repository/org/sonatype/aether/aether-util/1.7/aether-util-1.7.jar:/Users/calittle/.m2/repository/org/codehaus/plexus/plexus-interpolation/1.14/plexus-interpolation-1.14.jar:/Users/calittle/.m2/repository/org/codehaus/plexus/plexus-classworlds/2.2.3/plexus-classworlds-2.2.3.jar:/Users/calittle/.m2/repository/org/codehaus/plexus/plexus-component-annotations/1.5.5/plexus-component-annotations-1.5.5.jar:/Users/calittle/.m2/repository/org/sonatype/plexus/plexus-sec-dispatcher/1.3/plexus-sec-dispatcher-1.3.jar:/Users/calittle/.m2/repository/org/sonatype/plexus/plexus-cipher/1.4/plexus-cipher-1.4.jar:/Users/calittle/.m2/repository/org/apache/maven/maven-artifact/3.0/maven-artifact-3.0.jar:/Users/calittle/.m2/repository/org/codehaus/plexus/plexus-utils/3.3.0/plexus-utils-3.3.0.jar:/Users/calittle/.m2/repository/org/apache/maven/shared/maven-artifact-transfer/0.12.0/maven-artifact-transfer-0.12.0.jar:/Users/calittle/.m2/repository/org/apache/maven/shared/maven-common-artifact-filters/3.0.1/maven-common-artifact-filters-3.0.1.jar:/Users/calittle/.m2/repository/org/apache/maven/shared/maven-shared-utils/3.1.0/maven-shared-utils-3.1.0.jar:/Users/calittle/.m2/repository/commons-codec/commons-codec/1.11/commons-codec-1.11.jar:/Users/calittle/.m2/repository/org/slf4j/slf4j-api/1.7.5/slf4j-api-1.7.5.jar:/Users/calittle/.m2/repository/org/ow2/asm/asm/8.0/asm-8.0.jar:/Users/calittle/.m2/repository/org/ow2/asm/asm-commons/8.0/asm-commons-8.0.jar:/Users/calittle/.m2/repository/org/ow2/asm/asm-tree/8.0/asm-tree-8.0.jar:/Users/calittle/.m2/repository/org/ow2/asm/asm-analysis/8.0/asm-analysis-8.0.jar:/Users/calittle/.m2/repository/org/jdom/jdom2/2.0.6/jdom2-2.0.6.jar:/Users/calittle/.m2/repository/org/apache/maven/shared/maven-dependency-tree/3.0.1/maven-dependency-tree-3.0.1.jar:/Users/calittle/.m2/repository/org/eclipse/aether/aether-util/0.9.0.M2/aether-util-0.9.0.M2.jar:/Users/calittle/.m2/repository/commons-io/commons-io/2.6/commons-io-2.6.jar:/Users/calittle/.m2/repository/org/vafer/jdependency/2.4.0/jdependency-2.4.0.jar:/Users/calittle/.m2/repository/org/ow2/asm/asm-util/8.0/asm-util-8.0.jar:/Users/calittle/.m2/repository/com/google/guava/guava/28.2-android/guava-28.2-android.jar:/Users/calittle/.m2/repository/com/google/guava/failureaccess/1.0.1/failureaccess-1.0.1.jar:/Users/calittle/.m2/repository/com/google/guava/listenablefuture/9999.0-empty-to-avoid-conflict-with-guava/listenablefuture-9999.0-empty-to-avoid-conflict-with-guava.jar:/Users/calittle/.m2/repository/com/google/code/findbugs/jsr305/3.0.2/jsr305-3.0.2.jar:/Users/calittle/.m2/repository/org/checkerframework/checker-compat-qual/2.5.5/checker-compat-qual-2.5.5.jar:/Users/calittle/.m2/repository/com/google/errorprone/error_prone_annotations/2.3.4/error_prone_annotations-2.3.4.jar:/Users/calittle/.m2/repository/com/google/j2objc/j2objc-annotations/1.3/j2objc-annotations-1.3.jar:/Users/calittle/.m2/repository/org/apache/commons/commons-lang3/3.7/commons-lang3-3.7.jar:/Users/calittle/.m2/repository/Docupresentment/DocumentServer/12.6/DocumentServer-12.6.jar:"/>
    <property name="sun.cpu.endian" value="little"/>
    <property name="user.home" value="/Users/calittle"/>
    <property name="user.language" value="en"/>
    <property name="java.specification.vendor" value="Oracle Corporation"/>
    <property name="java.home" value="/Library/Java/JavaVirtualMachines/jdk1.8.0_271.jdk/Contents/Home/jre"/>
    <property name="basedir" value="/Users/calittle/Library/Mobile Documents/com~apple~CloudDocs/Work/dev/ids/Custom Rule Template"/>
    <property name="file.separator" value="/"/>
    <property name="line.separator" value="&#10;"/>
    <property name="java.vm.specification.vendor" value="Oracle Corporation"/>
    <property name="java.specification.name" value="Java Platform API Specification"/>
    <property name="java.awt.graphicsenv" value="sun.awt.CGraphicsEnvironment"/>
    <property name="surefire.real.class.path" value="/Users/calittle/Library/Mobile Documents/com~apple~CloudDocs/Work/dev/ids/Custom Rule Template/target/surefire/surefirebooter2026655346141931354.jar"/>
    <property name="sun.boot.class.path" value="/Library/Java/JavaVirtualMachines/jdk1.8.0_271.jdk/Contents/Home/jre/lib/resources.jar:/Library/Java/JavaVirtualMachines/jdk1.8.0_271.jdk/Contents/Home/jre/lib/rt.jar:/Library/Java/JavaVirtualMachines/jdk1.8.0_271.jdk/Contents/Home/jre/lib/sunrsasign.jar:/Library/Java/JavaVirtualMachines/jdk1.8.0_271.jdk/Contents/Home/jre/lib/jsse.jar:/Library/Java/JavaVirtualMachines/jdk1.8.0_271.jdk/Contents/Home/jre/lib/jce.jar:/Library/Java/JavaVirtualMachines/jdk1.8.0_271.jdk/Contents/Home/jre/lib/charsets.jar:/Library/Java/JavaVirtualMachines/jdk1.8.0_271.jdk/Contents/Home/jre/lib/jfr.jar:/Library/Java/JavaVirtualMachines/jdk1.8.0_271.jdk/Contents/Home/jre/classes"/>
    <property name="sun.management.compiler" value="HotSpot 64-Bit Tiered Compilers"/>
    <property name="java.runtime.version" value="1.8.0_271-b09"/>
    <property name="user.name" value="calittle"/>
    <property name="path.separator" value=":"/>
    <property name="os.version" value="10.16"/>
    <property name="java.endorsed.dirs" value="/Library/Java/JavaVirtualMachines/jdk1.8.0_271.jdk/Contents/Home/jre/lib/endorsed"/>
    <property name="java.runtime.name" value="Java(TM) SE Runtime Environment"/>
    <property name="file.encoding" value="UTF-8"/>
    <property name="java.vm.name" value="Java HotSpot(TM) 64-Bit Server VM"/>
    <property name="localRepository" value="/Users/calittle/.m2/repository"/>
    <property name="java.vendor.url.bug" value="http://bugreport.sun.com/bugreport/"/>
    <property name="java.io.tmpdir" value="/var/folders/4p/7cqng7r54nsfyqbn95yqbhsc0000gn/T/"/>
    <property name="idea.version" value="2021.1.3"/>
    <property name="java.version" value="1.8.0_271"/>
    <property name="user.dir" value="/Users/calittle/Library/Mobile Documents/com~apple~CloudDocs/Work/dev/ids/Custom Rule Template"/>
    <property name="os.arch" value="x86_64"/>
    <property name="java.vm.specification.name" value="Java Virtual Machine Specification"/>
    <property name="java.awt.printerjob" value="sun.lwawt.macosx.CPrinterJob"/>
    <property name="sun.os.patch.level" value="unknown"/>
    <property name="java.library.path" value="/Users/calittle/Library/Java/Extensions:/Library/Java/Extensions:/Network/Library/Java/Extensions:/System/Library/Java/Extensions:/usr/lib/java:."/>
    <property name="java.vm.info" value="mixed mode"/>
    <property name="java.vendor" value="Oracle Corporation"/>
    <property name="java.vm.version" value="25.271-b09"/>
    <property name="java.ext.dirs" value="/Users/calittle/Library/Java/Extensions:/Library/Java/JavaVirtualMachines/jdk1.8.0_271.jdk/Contents/Home/jre/lib/ext:/Library/Java/Extensions:/Network/Library/Java/Extensions:/System/Library/Java/Extensions:/usr/lib/java"/>
    <property name="sun.io.unicode.encoding" value="UnicodeBig"/>
    <property name="java.class.version" value="52.0"/>
  </properties>
  <testcase name="getEmployeesDefaultPropertiesInit" classname="com.oracle.documaker.ids.customrule.test.MyCustomRuleTest" time="1.001"/>
  <testcase name="getEmployeesDefaultPropertiesForward" classname="com.oracle.documaker.ids.customrule.test.MyCustomRuleTest" time="0.205"/>
  <testcase name="getEmployeesDefaultPropertiesReverse" classname="com.oracle.documaker.ids.customrule.test.MyCustomRuleTest" time="0.003"/>
  <testcase name="getEmployeesDefaultPropertiesTerm" classname="com.oracle.documaker.ids.customrule.test.MyCustomRuleTest" time="0.002"/>
  <testcase name="getEmployeesBadIdsArgsInit" classname="com.oracle.documaker.ids.customrule.test.MyCustomRuleTest" time="0.001"/>
  <testcase name="getEmployeesBadIdsArgsForward" classname="com.oracle.documaker.ids.customrule.test.MyCustomRuleTest" time="0.049"/>
  <testcase name="getEmployeesBadIdsArgsReverse" classname="com.oracle.documaker.ids.customrule.test.MyCustomRuleTest" time="0"/>
  <testcase name="getEmployeesBadIdsArgsTerm" classname="com.oracle.documaker.ids.customrule.test.MyCustomRuleTest" time="0"/>
  <testcase name="getEmployeesSysPropsInit" classname="com.oracle.documaker.ids.customrule.test.MyCustomRuleTest" time="0.005">
    <failure message="expected: &lt;0&gt; but was: &lt;1&gt;" type="org.opentest4j.AssertionFailedError"><![CDATA[org.opentest4j.AssertionFailedError: expected: <0> but was: <1>
	at com.oracle.documaker.ids.customrule.test.MyCustomRuleTest.getEmployeesSysPropsInit(MyCustomRuleTest.java:150)
]]></failure>
    <system-out><![CDATA[getEmployeesSysPropsInit
Effective Properties:
	db.retries=3
	db.driver=com.ibm.db2.jcc.DB2Driver
	db.timeout=5
	db.url=jdbc:d1b2://100.77.35.62:501000/af
	db.user=abc
	db.password=Oracl123e1234
	Loaded class: com.ibm.db2.jcc.DB2Driver
>>>>> DBURL=jdbc:d1b2://100.77.35.62:501000/af
DbUser=abc
DBPass=Oracl123e1234
]]></system-out>
  </testcase>
  <testcase name="getEmployeesSysPropsForward" classname="com.oracle.documaker.ids.customrule.test.MyCustomRuleTest" time="0.023">
    <failure message="expected: &lt;0&gt; but was: &lt;1&gt;" type="org.opentest4j.AssertionFailedError"><![CDATA[org.opentest4j.AssertionFailedError: expected: <0> but was: <1>
	at com.oracle.documaker.ids.customrule.test.MyCustomRuleTest.getEmployeesSysPropsForward(MyCustomRuleTest.java:166)
]]></failure>
    <system-out><![CDATA[getEmployeesSysPropsForward
Effective Properties:
	db.retries=3
	db.driver=com.ibm.db2.jcc.DB2Driver
	db.timeout=5
	db.url=jdbc:d1b2://100.77.35.62:501000/af
	db.user=abc
	db.password=Oracl123e1234
]]></system-out>
    <system-err><![CDATA[java.lang.Exception: com.ibm.db2.jcc.am.SqlNonTransientConnectionException: [jcc][t4][10335][10366][4.29.24] Invalid operation: Connection is closed. ERRORCODE=-4470, SQLSTATE=08003
	at com.oracle.documaker.ids.customrule.MyCustomRule.doQuery(MyCustomRule.java:211)
	at com.oracle.documaker.ids.customrule.MyCustomRule.getEmployees(MyCustomRule.java:236)
	at com.oracle.documaker.ids.customrule.test.MyCustomRuleTest.getEmployeesSysPropsForward(MyCustomRuleTest.java:168)
	at sun.reflect.NativeMethodAccessorImpl.invoke0(Native Method)
	at sun.reflect.NativeMethodAccessorImpl.invoke(NativeMethodAccessorImpl.java:62)
	at sun.reflect.DelegatingMethodAccessorImpl.invoke(DelegatingMethodAccessorImpl.java:43)
	at java.lang.reflect.Method.invoke(Method.java:498)
	at org.junit.platform.commons.util.ReflectionUtils.invokeMethod(ReflectionUtils.java:688)
	at org.junit.jupiter.engine.execution.MethodInvocation.proceed(MethodInvocation.java:60)
	at org.junit.jupiter.engine.execution.InvocationInterceptorChain$ValidatingInvocation.proceed(InvocationInterceptorChain.java:131)
	at org.junit.jupiter.engine.extension.TimeoutExtension.intercept(TimeoutExtension.java:149)
	at org.junit.jupiter.engine.extension.TimeoutExtension.interceptTestableMethod(TimeoutExtension.java:140)
	at org.junit.jupiter.engine.extension.TimeoutExtension.interceptTestMethod(TimeoutExtension.java:84)
	at org.junit.jupiter.engine.execution.ExecutableInvoker$ReflectiveInterceptorCall.lambda$ofVoidMethod$0(ExecutableInvoker.java:115)
	at org.junit.jupiter.engine.execution.ExecutableInvoker.lambda$invoke$0(ExecutableInvoker.java:105)
	at org.junit.jupiter.engine.execution.InvocationInterceptorChain$InterceptedInvocation.proceed(InvocationInterceptorChain.java:106)
	at org.junit.jupiter.engine.execution.InvocationInterceptorChain.proceed(InvocationInterceptorChain.java:64)
	at org.junit.jupiter.engine.execution.InvocationInterceptorChain.chainAndInvoke(InvocationInterceptorChain.java:45)
	at org.junit.jupiter.engine.execution.InvocationInterceptorChain.invoke(InvocationInterceptorChain.java:37)
	at org.junit.jupiter.engine.execution.ExecutableInvoker.invoke(ExecutableInvoker.java:104)
	at org.junit.jupiter.engine.execution.ExecutableInvoker.invoke(ExecutableInvoker.java:98)
	at org.junit.jupiter.engine.descriptor.TestMethodTestDescriptor.lambda$invokeTestMethod$6(TestMethodTestDescriptor.java:210)
	at org.junit.platform.engine.support.hierarchical.ThrowableCollector.execute(ThrowableCollector.java:73)
	at org.junit.jupiter.engine.descriptor.TestMethodTestDescriptor.invokeTestMethod(TestMethodTestDescriptor.java:206)
	at org.junit.jupiter.engine.descriptor.TestMethodTestDescriptor.execute(TestMethodTestDescriptor.java:131)
	at org.junit.jupiter.engine.descriptor.TestMethodTestDescriptor.execute(TestMethodTestDescriptor.java:65)
	at org.junit.platform.engine.support.hierarchical.NodeTestTask.lambda$executeRecursively$5(NodeTestTask.java:139)
	at org.junit.platform.engine.support.hierarchical.ThrowableCollector.execute(ThrowableCollector.java:73)
	at org.junit.platform.engine.support.hierarchical.NodeTestTask.lambda$executeRecursively$7(NodeTestTask.java:129)
	at org.junit.platform.engine.support.hierarchical.Node.around(Node.java:137)
	at org.junit.platform.engine.support.hierarchical.NodeTestTask.lambda$executeRecursively$8(NodeTestTask.java:127)
	at org.junit.platform.engine.support.hierarchical.ThrowableCollector.execute(ThrowableCollector.java:73)
	at org.junit.platform.engine.support.hierarchical.NodeTestTask.executeRecursively(NodeTestTask.java:126)
	at org.junit.platform.engine.support.hierarchical.NodeTestTask.execute(NodeTestTask.java:84)
	at java.util.ArrayList.forEach(ArrayList.java:1259)
	at org.junit.platform.engine.support.hierarchical.SameThreadHierarchicalTestExecutorService.invokeAll(SameThreadHierarchicalTestExecutorService.java:38)
	at org.junit.platform.engine.support.hierarchical.NodeTestTask.lambda$executeRecursively$5(NodeTestTask.java:143)
	at org.junit.platform.engine.support.hierarchical.ThrowableCollector.execute(ThrowableCollector.java:73)
	at org.junit.platform.engine.support.hierarchical.NodeTestTask.lambda$executeRecursively$7(NodeTestTask.java:129)
	at org.junit.platform.engine.support.hierarchical.Node.around(Node.java:137)
	at org.junit.platform.engine.support.hierarchical.NodeTestTask.lambda$executeRecursively$8(NodeTestTask.java:127)
	at org.junit.platform.engine.support.hierarchical.ThrowableCollector.execute(ThrowableCollector.java:73)
	at org.junit.platform.engine.support.hierarchical.NodeTestTask.executeRecursively(NodeTestTask.java:126)
	at org.junit.platform.engine.support.hierarchical.NodeTestTask.execute(NodeTestTask.java:84)
	at java.util.ArrayList.forEach(ArrayList.java:1259)
	at org.junit.platform.engine.support.hierarchical.SameThreadHierarchicalTestExecutorService.invokeAll(SameThreadHierarchicalTestExecutorService.java:38)
	at org.junit.platform.engine.support.hierarchical.NodeTestTask.lambda$executeRecursively$5(NodeTestTask.java:143)
	at org.junit.platform.engine.support.hierarchical.ThrowableCollector.execute(ThrowableCollector.java:73)
	at org.junit.platform.engine.support.hierarchical.NodeTestTask.lambda$executeRecursively$7(NodeTestTask.java:129)
	at org.junit.platform.engine.support.hierarchical.Node.around(Node.java:137)
	at org.junit.platform.engine.support.hierarchical.NodeTestTask.lambda$executeRecursively$8(NodeTestTask.java:127)
	at org.junit.platform.engine.support.hierarchical.ThrowableCollector.execute(ThrowableCollector.java:73)
	at org.junit.platform.engine.support.hierarchical.NodeTestTask.executeRecursively(NodeTestTask.java:126)
	at org.junit.platform.engine.support.hierarchical.NodeTestTask.execute(NodeTestTask.java:84)
	at org.junit.platform.engine.support.hierarchical.SameThreadHierarchicalTestExecutorService.submit(SameThreadHierarchicalTestExecutorService.java:32)
	at org.junit.platform.engine.support.hierarchical.HierarchicalTestExecutor.execute(HierarchicalTestExecutor.java:57)
	at org.junit.platform.engine.support.hierarchical.HierarchicalTestEngine.execute(HierarchicalTestEngine.java:51)
	at org.junit.platform.launcher.core.DefaultLauncher.execute(DefaultLauncher.java:170)
	at org.junit.platform.launcher.core.DefaultLauncher.execute(DefaultLauncher.java:154)
	at org.junit.platform.launcher.core.DefaultLauncher.execute(DefaultLauncher.java:90)
	at org.apache.maven.surefire.junitplatform.JUnitPlatformProvider.invokeAllTests(JUnitPlatformProvider.java:142)
	at org.apache.maven.surefire.junitplatform.JUnitPlatformProvider.invoke(JUnitPlatformProvider.java:117)
	at org.apache.maven.surefire.booter.ForkedBooter.invokeProviderInSameClassLoader(ForkedBooter.java:383)
	at org.apache.maven.surefire.booter.ForkedBooter.runSuitesInProcess(ForkedBooter.java:344)
	at org.apache.maven.surefire.booter.ForkedBooter.execute(ForkedBooter.java:125)
	at org.apache.maven.surefire.booter.ForkedBooter.main(ForkedBooter.java:417)
Caused by: com.ibm.db2.jcc.am.SqlNonTransientConnectionException: [jcc][t4][10335][10366][4.29.24] Invalid operation: Connection is closed. ERRORCODE=-4470, SQLSTATE=08003
	at com.ibm.db2.jcc.am.b7.a(b7.java:800)
	at com.ibm.db2.jcc.am.b7.a(b7.java:66)
	at com.ibm.db2.jcc.am.b7.a(b7.java:133)
	at com.ibm.db2.jcc.am.Connection.checkForClosedConnection(Connection.java:6268)
	at com.ibm.db2.jcc.am.Connection.createStatementX(Connection.java:2409)
	at com.ibm.db2.jcc.am.Connection.createStatementX(Connection.java:1005)
	at com.ibm.db2.jcc.am.Connection.createStatement(Connection.java:997)
	at com.oracle.documaker.ids.customrule.MyCustomRule.doQuery(MyCustomRule.java:207)
	... 65 more
]]></system-err>
  </testcase>
  <testcase name="getEmployeesSysPropsReverse" classname="com.oracle.documaker.ids.customrule.test.MyCustomRuleTest" time="0"/>
  <testcase name="getEmployeesSysPropsTerm" classname="com.oracle.documaker.ids.customrule.test.MyCustomRuleTest" time="0.001"/>
  <testcase name="getEmployeesBadSysPropsInit" classname="com.oracle.documaker.ids.customrule.test.MyCustomRuleTest" time="0.001"/>
  <testcase name="getEmployeesBadSysPropsForward" classname="com.oracle.documaker.ids.customrule.test.MyCustomRuleTest" time="0.022"/>
  <testcase name="getEmployeesBadSysPropsReverse" classname="com.oracle.documaker.ids.customrule.test.MyCustomRuleTest" time="0.001"/>
  <testcase name="getEmployeesBadSysPropsTerm" classname="com.oracle.documaker.ids.customrule.test.MyCustomRuleTest" time="0.001"/>
</testsuite>