<?xml version="1.0" encoding="UTF-8"?>
<testsuite xmlns:xsi="http://www.w3.org/2001/XMLSchema-instance" xsi:noNamespaceSchemaLocation="https://maven.apache.org/surefire/maven-surefire-plugin/xsd/surefire-test-report.xsd" name="com.oracle.documaker.ids.customrule.test.MyCustomRule_myCustomMethod_BadSysPropsTest" time="0.44" tests="4" errors="0" skipped="0" failures="0">
  <properties>
[...]
</properties>
  <testcase name="getEmployeesBadSysPropsInit" classname="com.oracle.documaker.ids.customrule.test.MyCustomRule_myCustomMethod_BadSysPropsTest" time="0.419"/>
  <testcase name="getEmployeesBadSysPropsForward" classname="com.oracle.documaker.ids.customrule.test.MyCustomRule_myCustomMethod_BadSysPropsTest" time="0.014"/>
  <testcase name="getEmployeesBadSysPropsReverse" classname="com.oracle.documaker.ids.customrule.test.MyCustomRule_myCustomMethod_BadSysPropsTest" time="0"/>
  <testcase name="getEmployeesBadSysPropsTerm" classname="com.oracle.documaker.ids.customrule.test.MyCustomRule_myCustomMethod_BadSysPropsTest" time="0"/>
</testsuite>